<?xml version="1.0" encoding="UTF-8"?>
<!-- Generated by org.testng.reporters.JUnitReportReporter -->
<testsuite skipped="0" hostname="Supri-PC" name="APITesting.api.WeatherGetRequests" tests="1" failures="0" timestamp="17 Jun 2019 05:55:00 GMT" time="2.673" errors="0">
  <testcase name="Test_01" time="2.673" classname="APITesting.api.WeatherGetRequests"/>
</testsuite> <!-- APITesting.api.WeatherGetRequests -->
